<?xml version="1.0" encoding="UTF-8"?>
<!-- Generated by org.testng.reporters.JUnitXMLReporter -->
<testsuite hostname="mindc1d180" ignored="0" name="Test" tests="10" failures="0" timestamp="2022-05-18T23:27:32 IST" time="180.785" errors="0">
  <testcase name="t1" time="20.511" classname="runner.TestExecution"/>
  <testcase name="t2" time="13.197" classname="runner.TestExecution"/>
  <testcase name="t3" time="9.062" classname="runner.TestExecution"/>
  <testcase name="t4" time="4.619" classname="runner.TestExecution"/>
  <testcase name="t5" time="28.182" classname="runner.TestExecution"/>
  <testcase name="t6" time="28.441" classname="runner.TestExecution"/>
  <testcase name="t7" time="14.631" classname="runner.TestExecution"/>
  <testcase name="t8" time="3.936" classname="runner.TestExecution"/>
  <testcase name="t9" time="3.027" classname="runner.TestExecution"/>
  <testcase name="t10" time="3.339" classname="runner.TestExecution"/>
</testsuite> <!-- Test -->
