<?xml version="1.0" encoding="UTF-8"?>
<testsuite xmlns:xsi="http://www.w3.org/2001/XMLSchema-instance" xsi:noNamespaceSchemaLocation="https://maven.apache.org/surefire/maven-surefire-plugin/xsd/surefire-test-report-3.0.xsd" version="3.0" name="runner.TestExecution" time="218.216" tests="10" errors="0" skipped="0" failures="0">
  <properties>
[...]
</properties>
  <testcase name="t1" classname="runner.TestExecution" time="21.634"/>
  <testcase name="t2" classname="runner.TestExecution" time="14.733"/>
  <testcase name="t3" classname="runner.TestExecution" time="8.796"/>
  <testcase name="t4" classname="runner.TestExecution" time="4.598"/>
  <testcase name="t5" classname="runner.TestExecution" time="30.601"/>
  <testcase name="t6" classname="runner.TestExecution" time="38.109"/>
  <testcase name="t7" classname="runner.TestExecution" time="21.212"/>
  <testcase name="t8" classname="runner.TestExecution" time="5.109"/>
  <testcase name="t9" classname="runner.TestExecution" time="3.033"/>
  <testcase name="t10" classname="runner.TestExecution" time="3.376"/>
</testsuite>