<?xml version="1.0" encoding="UTF-8"?>
<testng-results skipped="0" failed="0" ignored="0" total="10" passed="10">
  <reporter-output>
  </reporter-output>
  <suite name="Surefire suite" duration-ms="217554" started-at="2022-05-18T23:56:42 IST" finished-at="2022-05-19T00:00:19 IST">
    <groups>
    </groups>
    <test name="Surefire test" duration-ms="217554" started-at="2022-05-18T23:56:42 IST" finished-at="2022-05-19T00:00:19 IST">
      <class name="runner.TestExecution">
        <test-method status="PASS" signature="beforeClass()[pri:0, instance:runner.TestExecution@1877ab81]" name="beforeClass" is-config="true" duration-ms="263" started-at="2022-05-18T23:56:42 IST" finished-at="2022-05-18T23:56:42 IST">
          <reporter-output>
          </reporter-output>
        </test-method> <!-- beforeClass -->
        <test-method status="PASS" signature="before()[pri:0, instance:runner.TestExecution@1877ab81]" name="before" is-config="true" duration-ms="7265" started-at="2022-05-18T23:56:42 IST" finished-at="2022-05-18T23:56:49 IST">
          <reporter-output>
          </reporter-output>
        </test-method> <!-- before -->
        <test-method status="PASS" signature="t1()[pri:1, instance:runner.TestExecution@1877ab81]" name="t1" duration-ms="21632" started-at="2022-05-18T23:56:49 IST" finished-at="2022-05-18T23:57:11 IST">
          <reporter-output>
          </reporter-output>
        </test-method> <!-- t1 -->
        <test-method status="PASS" signature="after()[pri:0, instance:runner.TestExecution@1877ab81]" name="after" is-config="true" duration-ms="2089" started-at="2022-05-18T23:57:11 IST" finished-at="2022-05-18T23:57:13 IST">
          <reporter-output>
          </reporter-output>
        </test-method> <!-- after -->
        <test-method status="PASS" signature="before()[pri:0, instance:runner.TestExecution@1877ab81]" name="before" is-config="true" duration-ms="3735" started-at="2022-05-18T23:57:13 IST" finished-at="2022-05-18T23:57:17 IST">
          <reporter-output>
          </reporter-output>
        </test-method> <!-- before -->
        <test-method status="PASS" signature="t2()[pri:2, instance:runner.TestExecution@1877ab81]" name="t2" duration-ms="14731" started-at="2022-05-18T23:57:17 IST" finished-at="2022-05-18T23:57:31 IST">
          <reporter-output>
          </reporter-output>
        </test-method> <!-- t2 -->
        <test-method status="PASS" signature="after()[pri:0, instance:runner.TestExecution@1877ab81]" name="after" is-config="true" duration-ms="2102" started-at="2022-05-18T23:57:31 IST" finished-at="2022-05-18T23:57:34 IST">
          <reporter-output>
          </reporter-output>
        </test-method> <!-- after -->
        <test-method status="PASS" signature="before()[pri:0, instance:runner.TestExecution@1877ab81]" name="before" is-config="true" duration-ms="4256" started-at="2022-05-18T23:57:34 IST" finished-at="2022-05-18T23:57:38 IST">
          <reporter-output>
          </reporter-output>
        </test-method> <!-- before -->
        <test-method status="PASS" signature="t3()[pri:3, instance:runner.TestExecution@1877ab81]" name="t3" duration-ms="8796" started-at="2022-05-18T23:57:38 IST" finished-at="2022-05-18T23:57:47 IST">
          <reporter-output>
          </reporter-output>
        </test-method> <!-- t3 -->
        <test-method status="PASS" signature="after()[pri:0, instance:runner.TestExecution@1877ab81]" name="after" is-config="true" duration-ms="2255" started-at="2022-05-18T23:57:47 IST" finished-at="2022-05-18T23:57:49 IST">
          <reporter-output>
          </reporter-output>
        </test-method> <!-- after -->
        <test-method status="PASS" signature="before()[pri:0, instance:runner.TestExecution@1877ab81]" name="before" is-config="true" duration-ms="4065" started-at="2022-05-18T23:57:49 IST" finished-at="2022-05-18T23:57:53 IST">
          <reporter-output>
          </reporter-output>
        </test-method> <!-- before -->
        <test-method status="PASS" signature="t4()[pri:4, instance:runner.TestExecution@1877ab81]" name="t4" duration-ms="4605" started-at="2022-05-18T23:57:53 IST" finished-at="2022-05-18T23:57:57 IST">
          <reporter-output>
          </reporter-output>
        </test-method> <!-- t4 -->
        <test-method status="PASS" signature="after()[pri:0, instance:runner.TestExecution@1877ab81]" name="after" is-config="true" duration-ms="158" started-at="2022-05-18T23:57:57 IST" finished-at="2022-05-18T23:57:58 IST">
          <reporter-output>
          </reporter-output>
        </test-method> <!-- after -->
        <test-method status="PASS" signature="before()[pri:0, instance:runner.TestExecution@1877ab81]" name="before" is-config="true" duration-ms="5762" started-at="2022-05-18T23:57:58 IST" finished-at="2022-05-18T23:58:03 IST">
          <reporter-output>
          </reporter-output>
        </test-method> <!-- before -->
        <test-method status="PASS" signature="t5()[pri:5, instance:runner.TestExecution@1877ab81]" name="t5" duration-ms="30602" started-at="2022-05-18T23:58:03 IST" finished-at="2022-05-18T23:58:34 IST">
          <reporter-output>
          </reporter-output>
        </test-method> <!-- t5 -->
        <test-method status="PASS" signature="after()[pri:0, instance:runner.TestExecution@1877ab81]" name="after" is-config="true" duration-ms="2131" started-at="2022-05-18T23:58:34 IST" finished-at="2022-05-18T23:58:36 IST">
          <reporter-output>
          </reporter-output>
        </test-method> <!-- after -->
        <test-method status="PASS" signature="before()[pri:0, instance:runner.TestExecution@1877ab81]" name="before" is-config="true" duration-ms="3793" started-at="2022-05-18T23:58:36 IST" finished-at="2022-05-18T23:58:40 IST">
          <reporter-output>
          </reporter-output>
        </test-method> <!-- before -->
        <test-method status="PASS" signature="t6()[pri:6, instance:runner.TestExecution@1877ab81]" name="t6" duration-ms="38109" started-at="2022-05-18T23:58:40 IST" finished-at="2022-05-18T23:59:18 IST">
          <reporter-output>
          </reporter-output>
        </test-method> <!-- t6 -->
        <test-method status="PASS" signature="after()[pri:0, instance:runner.TestExecution@1877ab81]" name="after" is-config="true" duration-ms="234" started-at="2022-05-18T23:59:18 IST" finished-at="2022-05-18T23:59:18 IST">
          <reporter-output>
          </reporter-output>
        </test-method> <!-- after -->
        <test-method status="PASS" signature="before()[pri:0, instance:runner.TestExecution@1877ab81]" name="before" is-config="true" duration-ms="5846" started-at="2022-05-18T23:59:18 IST" finished-at="2022-05-18T23:59:24 IST">
          <reporter-output>
          </reporter-output>
        </test-method> <!-- before -->
        <test-method status="PASS" signature="t7()[pri:7, instance:runner.TestExecution@1877ab81]" name="t7" duration-ms="21213" started-at="2022-05-18T23:59:24 IST" finished-at="2022-05-18T23:59:45 IST">
          <reporter-output>
          </reporter-output>
        </test-method> <!-- t7 -->
        <test-method status="PASS" signature="after()[pri:0, instance:runner.TestExecution@1877ab81]" name="after" is-config="true" duration-ms="2089" started-at="2022-05-18T23:59:45 IST" finished-at="2022-05-18T23:59:47 IST">
          <reporter-output>
          </reporter-output>
        </test-method> <!-- after -->
        <test-method status="PASS" signature="before()[pri:0, instance:runner.TestExecution@1877ab81]" name="before" is-config="true" duration-ms="7764" started-at="2022-05-18T23:59:47 IST" finished-at="2022-05-18T23:59:55 IST">
          <reporter-output>
          </reporter-output>
        </test-method> <!-- before -->
        <test-method status="PASS" signature="t8()[pri:8, instance:runner.TestExecution@1877ab81]" name="t8" duration-ms="5108" started-at="2022-05-18T23:59:55 IST" finished-at="2022-05-19T00:00:00 IST">
          <reporter-output>
          </reporter-output>
        </test-method> <!-- t8 -->
        <test-method status="PASS" signature="after()[pri:0, instance:runner.TestExecution@1877ab81]" name="after" is-config="true" duration-ms="2090" started-at="2022-05-19T00:00:00 IST" finished-at="2022-05-19T00:00:02 IST">
          <reporter-output>
          </reporter-output>
        </test-method> <!-- after -->
        <test-method status="PASS" signature="before()[pri:0, instance:runner.TestExecution@1877ab81]" name="before" is-config="true" duration-ms="4218" started-at="2022-05-19T00:00:02 IST" finished-at="2022-05-19T00:00:07 IST">
          <reporter-output>
          </reporter-output>
        </test-method> <!-- before -->
        <test-method status="PASS" signature="t9()[pri:9, instance:runner.TestExecution@1877ab81]" name="t9" duration-ms="3033" started-at="2022-05-19T00:00:07 IST" finished-at="2022-05-19T00:00:10 IST">
          <reporter-output>
          </reporter-output>
        </test-method> <!-- t9 -->
        <test-method status="PASS" signature="after()[pri:0, instance:runner.TestExecution@1877ab81]" name="after" is-config="true" duration-ms="618" started-at="2022-05-19T00:00:10 IST" finished-at="2022-05-19T00:00:10 IST">
          <reporter-output>
          </reporter-output>
        </test-method> <!-- after -->
        <test-method status="PASS" signature="before()[pri:0, instance:runner.TestExecution@1877ab81]" name="before" is-config="true" duration-ms="4893" started-at="2022-05-19T00:00:10 IST" finished-at="2022-05-19T00:00:15 IST">
          <reporter-output>
          </reporter-output>
        </test-method> <!-- before -->
        <test-method status="PASS" signature="t10()[pri:10, instance:runner.TestExecution@1877ab81]" name="t10" duration-ms="3376" started-at="2022-05-19T00:00:15 IST" finished-at="2022-05-19T00:00:19 IST">
          <reporter-output>
          </reporter-output>
        </test-method> <!-- t10 -->
        <test-method status="PASS" signature="after()[pri:0, instance:runner.TestExecution@1877ab81]" name="after" is-config="true" duration-ms="257" started-at="2022-05-19T00:00:19 IST" finished-at="2022-05-19T00:00:19 IST">
          <reporter-output>
          </reporter-output>
        </test-method> <!-- after -->
        <test-method status="PASS" signature="afterClass()[pri:0, instance:runner.TestExecution@1877ab81]" name="afterClass" is-config="true" duration-ms="404" started-at="2022-05-19T00:00:19 IST" finished-at="2022-05-19T00:00:19 IST">
          <reporter-output>
          </reporter-output>
        </test-method> <!-- afterClass -->
      </class> <!-- runner.TestExecution -->
    </test> <!-- Surefire test -->
  </suite> <!-- Surefire suite -->
</testng-results>
