<?xml version="1.0" encoding="UTF-8"?>
<!-- Generated by org.testng.reporters.JUnitXMLReporter -->
<testsuite hostname="mindc1d180" ignored="0" name="Surefire test" tests="10" failures="0" timestamp="2022-05-19T00:00:19 IST" time="217.554" errors="0">
  <testcase name="t1" time="21.632" classname="runner.TestExecution"/>
  <testcase name="t2" time="14.731" classname="runner.TestExecution"/>
  <testcase name="t3" time="8.796" classname="runner.TestExecution"/>
  <testcase name="t4" time="4.605" classname="runner.TestExecution"/>
  <testcase name="t5" time="30.602" classname="runner.TestExecution"/>
  <testcase name="t6" time="38.109" classname="runner.TestExecution"/>
  <testcase name="t7" time="21.213" classname="runner.TestExecution"/>
  <testcase name="t8" time="5.108" classname="runner.TestExecution"/>
  <testcase name="t9" time="3.033" classname="runner.TestExecution"/>
  <testcase name="t10" time="3.376" classname="runner.TestExecution"/>
</testsuite> <!-- Surefire test -->
