<?xml version="1.0" encoding="UTF-8"?>
<testng-results skipped="0" failed="0" ignored="0" total="10" passed="10">
  <reporter-output>
  </reporter-output>
  <suite name="Suite" duration-ms="180785" started-at="2022-05-18T23:24:32 IST" finished-at="2022-05-18T23:27:32 IST">
    <groups>
    </groups>
    <test name="Test" duration-ms="180785" started-at="2022-05-18T23:24:32 IST" finished-at="2022-05-18T23:27:32 IST">
      <class name="runner.TestExecution">
        <test-method status="PASS" signature="beforeClass()[pri:0, instance:runner.TestExecution@62e136d3]" name="beforeClass" is-config="true" duration-ms="178" started-at="2022-05-18T23:24:32 IST" finished-at="2022-05-18T23:24:32 IST">
          <reporter-output>
          </reporter-output>
        </test-method> <!-- beforeClass -->
        <test-method status="PASS" signature="before()[pri:0, instance:runner.TestExecution@62e136d3]" name="before" is-config="true" duration-ms="4761" started-at="2022-05-18T23:24:32 IST" finished-at="2022-05-18T23:24:37 IST">
          <reporter-output>
          </reporter-output>
        </test-method> <!-- before -->
        <test-method status="PASS" signature="t1()[pri:1, instance:runner.TestExecution@62e136d3]" name="t1" duration-ms="20511" started-at="2022-05-18T23:24:37 IST" finished-at="2022-05-18T23:24:57 IST">
          <reporter-output>
          </reporter-output>
        </test-method> <!-- t1 -->
        <test-method status="PASS" signature="after()[pri:0, instance:runner.TestExecution@62e136d3]" name="after" is-config="true" duration-ms="2051" started-at="2022-05-18T23:24:57 IST" finished-at="2022-05-18T23:24:59 IST">
          <reporter-output>
          </reporter-output>
        </test-method> <!-- after -->
        <test-method status="PASS" signature="before()[pri:0, instance:runner.TestExecution@62e136d3]" name="before" is-config="true" duration-ms="4020" started-at="2022-05-18T23:24:59 IST" finished-at="2022-05-18T23:25:03 IST">
          <reporter-output>
          </reporter-output>
        </test-method> <!-- before -->
        <test-method status="PASS" signature="t2()[pri:2, instance:runner.TestExecution@62e136d3]" name="t2" duration-ms="13197" started-at="2022-05-18T23:25:03 IST" finished-at="2022-05-18T23:25:16 IST">
          <reporter-output>
          </reporter-output>
        </test-method> <!-- t2 -->
        <test-method status="PASS" signature="after()[pri:0, instance:runner.TestExecution@62e136d3]" name="after" is-config="true" duration-ms="265" started-at="2022-05-18T23:25:16 IST" finished-at="2022-05-18T23:25:17 IST">
          <reporter-output>
          </reporter-output>
        </test-method> <!-- after -->
        <test-method status="PASS" signature="before()[pri:0, instance:runner.TestExecution@62e136d3]" name="before" is-config="true" duration-ms="3130" started-at="2022-05-18T23:25:17 IST" finished-at="2022-05-18T23:25:20 IST">
          <reporter-output>
          </reporter-output>
        </test-method> <!-- before -->
        <test-method status="PASS" signature="t3()[pri:3, instance:runner.TestExecution@62e136d3]" name="t3" duration-ms="9062" started-at="2022-05-18T23:25:20 IST" finished-at="2022-05-18T23:25:29 IST">
          <reporter-output>
          </reporter-output>
        </test-method> <!-- t3 -->
        <test-method status="PASS" signature="after()[pri:0, instance:runner.TestExecution@62e136d3]" name="after" is-config="true" duration-ms="2083" started-at="2022-05-18T23:25:29 IST" finished-at="2022-05-18T23:25:31 IST">
          <reporter-output>
          </reporter-output>
        </test-method> <!-- after -->
        <test-method status="PASS" signature="before()[pri:0, instance:runner.TestExecution@62e136d3]" name="before" is-config="true" duration-ms="3418" started-at="2022-05-18T23:25:31 IST" finished-at="2022-05-18T23:25:34 IST">
          <reporter-output>
          </reporter-output>
        </test-method> <!-- before -->
        <test-method status="PASS" signature="t4()[pri:4, instance:runner.TestExecution@62e136d3]" name="t4" duration-ms="4619" started-at="2022-05-18T23:25:34 IST" finished-at="2022-05-18T23:25:39 IST">
          <reporter-output>
          </reporter-output>
        </test-method> <!-- t4 -->
        <test-method status="PASS" signature="after()[pri:0, instance:runner.TestExecution@62e136d3]" name="after" is-config="true" duration-ms="160" started-at="2022-05-18T23:25:39 IST" finished-at="2022-05-18T23:25:39 IST">
          <reporter-output>
          </reporter-output>
        </test-method> <!-- after -->
        <test-method status="PASS" signature="before()[pri:0, instance:runner.TestExecution@62e136d3]" name="before" is-config="true" duration-ms="3594" started-at="2022-05-18T23:25:39 IST" finished-at="2022-05-18T23:25:43 IST">
          <reporter-output>
          </reporter-output>
        </test-method> <!-- before -->
        <test-method status="PASS" signature="t5()[pri:5, instance:runner.TestExecution@62e136d3]" name="t5" duration-ms="28182" started-at="2022-05-18T23:25:43 IST" finished-at="2022-05-18T23:26:11 IST">
          <reporter-output>
          </reporter-output>
        </test-method> <!-- t5 -->
        <test-method status="PASS" signature="after()[pri:0, instance:runner.TestExecution@62e136d3]" name="after" is-config="true" duration-ms="2092" started-at="2022-05-18T23:26:11 IST" finished-at="2022-05-18T23:26:13 IST">
          <reporter-output>
          </reporter-output>
        </test-method> <!-- after -->
        <test-method status="PASS" signature="before()[pri:0, instance:runner.TestExecution@62e136d3]" name="before" is-config="true" duration-ms="3223" started-at="2022-05-18T23:26:13 IST" finished-at="2022-05-18T23:26:16 IST">
          <reporter-output>
          </reporter-output>
        </test-method> <!-- before -->
        <test-method status="PASS" signature="t6()[pri:6, instance:runner.TestExecution@62e136d3]" name="t6" duration-ms="28441" started-at="2022-05-18T23:26:16 IST" finished-at="2022-05-18T23:26:45 IST">
          <reporter-output>
          </reporter-output>
        </test-method> <!-- t6 -->
        <test-method status="PASS" signature="after()[pri:0, instance:runner.TestExecution@62e136d3]" name="after" is-config="true" duration-ms="2093" started-at="2022-05-18T23:26:45 IST" finished-at="2022-05-18T23:26:47 IST">
          <reporter-output>
          </reporter-output>
        </test-method> <!-- after -->
        <test-method status="PASS" signature="before()[pri:0, instance:runner.TestExecution@62e136d3]" name="before" is-config="true" duration-ms="3142" started-at="2022-05-18T23:26:47 IST" finished-at="2022-05-18T23:26:50 IST">
          <reporter-output>
          </reporter-output>
        </test-method> <!-- before -->
        <test-method status="PASS" signature="t7()[pri:7, instance:runner.TestExecution@62e136d3]" name="t7" duration-ms="14631" started-at="2022-05-18T23:26:50 IST" finished-at="2022-05-18T23:27:05 IST">
          <reporter-output>
          </reporter-output>
        </test-method> <!-- t7 -->
        <test-method status="PASS" signature="after()[pri:0, instance:runner.TestExecution@62e136d3]" name="after" is-config="true" duration-ms="2135" started-at="2022-05-18T23:27:05 IST" finished-at="2022-05-18T23:27:07 IST">
          <reporter-output>
          </reporter-output>
        </test-method> <!-- after -->
        <test-method status="PASS" signature="before()[pri:0, instance:runner.TestExecution@62e136d3]" name="before" is-config="true" duration-ms="4004" started-at="2022-05-18T23:27:07 IST" finished-at="2022-05-18T23:27:11 IST">
          <reporter-output>
          </reporter-output>
        </test-method> <!-- before -->
        <test-method status="PASS" signature="t8()[pri:8, instance:runner.TestExecution@62e136d3]" name="t8" duration-ms="3936" started-at="2022-05-18T23:27:11 IST" finished-at="2022-05-18T23:27:15 IST">
          <reporter-output>
          </reporter-output>
        </test-method> <!-- t8 -->
        <test-method status="PASS" signature="after()[pri:0, instance:runner.TestExecution@62e136d3]" name="after" is-config="true" duration-ms="2100" started-at="2022-05-18T23:27:15 IST" finished-at="2022-05-18T23:27:17 IST">
          <reporter-output>
          </reporter-output>
        </test-method> <!-- after -->
        <test-method status="PASS" signature="before()[pri:0, instance:runner.TestExecution@62e136d3]" name="before" is-config="true" duration-ms="3247" started-at="2022-05-18T23:27:17 IST" finished-at="2022-05-18T23:27:20 IST">
          <reporter-output>
          </reporter-output>
        </test-method> <!-- before -->
        <test-method status="PASS" signature="t9()[pri:9, instance:runner.TestExecution@62e136d3]" name="t9" duration-ms="3027" started-at="2022-05-18T23:27:20 IST" finished-at="2022-05-18T23:27:23 IST">
          <reporter-output>
          </reporter-output>
        </test-method> <!-- t9 -->
        <test-method status="PASS" signature="after()[pri:0, instance:runner.TestExecution@62e136d3]" name="after" is-config="true" duration-ms="132" started-at="2022-05-18T23:27:23 IST" finished-at="2022-05-18T23:27:23 IST">
          <reporter-output>
          </reporter-output>
        </test-method> <!-- after -->
        <test-method status="PASS" signature="before()[pri:0, instance:runner.TestExecution@62e136d3]" name="before" is-config="true" duration-ms="3462" started-at="2022-05-18T23:27:23 IST" finished-at="2022-05-18T23:27:27 IST">
          <reporter-output>
          </reporter-output>
        </test-method> <!-- before -->
        <test-method status="PASS" signature="t10()[pri:10, instance:runner.TestExecution@62e136d3]" name="t10" duration-ms="3339" started-at="2022-05-18T23:27:27 IST" finished-at="2022-05-18T23:27:30 IST">
          <reporter-output>
          </reporter-output>
        </test-method> <!-- t10 -->
        <test-method status="PASS" signature="after()[pri:0, instance:runner.TestExecution@62e136d3]" name="after" is-config="true" duration-ms="2097" started-at="2022-05-18T23:27:30 IST" finished-at="2022-05-18T23:27:32 IST">
          <reporter-output>
          </reporter-output>
        </test-method> <!-- after -->
        <test-method status="PASS" signature="afterClass()[pri:0, instance:runner.TestExecution@62e136d3]" name="afterClass" is-config="true" duration-ms="362" started-at="2022-05-18T23:27:32 IST" finished-at="2022-05-18T23:27:32 IST">
          <reporter-output>
          </reporter-output>
        </test-method> <!-- afterClass -->
      </class> <!-- runner.TestExecution -->
    </test> <!-- Test -->
  </suite> <!-- Suite -->
</testng-results>
